{"sessionId":"179cbb","hypothesisId":"H3","location":"VFXHelper.spawnStaticVFX","message":"bloody dash vfx spawn","data":{"vfxPath":"lodestone:bloody_dash","z":-182.52369487332678,"y":-57.16941294368553,"x":-57.190649935024474},"timestamp":1782886490735}
{"sessionId":"179cbb","hypothesisId":"H3","location":"VFXHelper.spawnStaticVFX","message":"bloody dash vfx spawn","data":{"vfxPath":"lodestone:bloody_dash","z":-182.2172142922166,"y":-57.26767269071388,"x":-57.41952012096322},"timestamp":1782886490796}
{"sessionId":"179cbb","hypothesisId":"H3","location":"VFXHelper.spawnStaticVFX","message":"bloody dash vfx spawn","data":{"vfxPath":"lodestone:bloody_dash","z":-181.91073371110642,"y":-57.36593243774223,"x":-57.64839030690197},"timestamp":1782886490799}
{"sessionId":"179cbb","hypothesisId":"H3","location":"VFXHelper.spawnStaticVFX","message":"bloody dash vfx spawn","data":{"vfxPath":"lodestone:bloody_dash","z":-181.60425312999627,"y":-57.46419218477058,"x":-57.87726049284072},"timestamp":1782886490802}
{"sessionId":"179cbb","hypothesisId":"H3","location":"VFXHelper.spawnStaticVFX","message":"bloody dash vfx spawn","data":{"vfxPath":"lodestone:bloody_dash","z":-181.2977725488861,"y":-57.56245193179893,"x":-58.106130678779465},"timestamp":1782886490804}
{"sessionId":"179cbb","hypothesisId":"H3","location":"VFXHelper.spawnStaticVFX","message":"bloody dash vfx spawn","data":{"vfxPath":"lodestone:bloody_dash","z":-180.9912919677759,"y":-57.66071167882728,"x":-58.33500086471822},"timestamp":1782886490807}
{"sessionId":"179cbb","hypothesisId":"H3","location":"VFXHelper.spawnStaticVFX","message":"bloody dash vfx spawn","data":{"vfxPath":"lodestone:bloody_dash","z":-180.68481138666573,"y":-57.758971425855634,"x":-58.563871050656964},"timestamp":1782886490809}
{"sessionId":"179cbb","hypothesisId":"H3","location":"VFXHelper.spawnStaticVFX","message":"bloody dash vfx spawn","data":{"vfxPath":"lodestone:bloody_dash","z":-180.37833080555555,"y":-57.857231172883985,"x":-58.79274123659572},"timestamp":1782886490811}
{"sessionId":"179cbb","hypothesisId":"H3","location":"VFXHelper.spawnStaticVFX","message":"bloody dash vfx spawn","data":{"vfxPath":"lodestone:bloody_dash","z":-180.07185022444537,"y":-57.955490919912336,"x":-59.02161142253446},"timestamp":1782886490812}
{"sessionId":"179cbb","hypothesisId":"H3","location":"VFXHelper.spawnStaticVFX","message":"bloody dash vfx spawn","data":{"vfxPath":"lodestone:bloody_dash","z":-179.76536964333522,"y":-58.05375066694069,"x":-59.25048160847321},"timestamp":1782886490815}
{"sessionId":"179cbb","hypothesisId":"H3","location":"VFXHelper.spawnStaticVFX","message":"bloody dash vfx spawn","data":{"vfxPath":"lodestone:bloody_dash","z":-179.45888906222504,"y":-58.15201041396904,"x":-59.47935179441196},"timestamp":1782886490819}
{"sessionId":"179cbb","hypothesisId":"H3","location":"VFXHelper.spawnStaticVFX","message":"bloody dash vfx spawn","data":{"vfxPath":"lodestone:bloody_dash","z":-179.15240848111486,"y":-58.25027016099739,"x":-59.70822198035071},"timestamp":1782886490820}
{"sessionId":"179cbb","hypothesisId":"H1","location":"CritWaveProcedure.execute","message":"crit wave triggered","data":{"stage":6,"yawBeforeSpin":74.5517,"playerId":4},"timestamp":1782886494863}
{"sessionId":"179cbb","hypothesisId":"H1","location":"CritSpinHelper.startSpin","message":"crit spin started","data":{"durationTicks":20,"startYaw":74.5517,"entityId":4,"degreesPerTick":18.0,"totalDegrees":360.0},"timestamp":1782886494865}
{"sessionId":"179cbb","hypothesisId":"H2","location":"CritSpinHelper.tick","message":"crit spin tick","data":{"entityId":4,"afterYaw":128.5517,"ticksRemaining":15,"beforeYaw":110.5517},"timestamp":1782886494992}
{"sessionId":"179cbb","hypothesisId":"H2","location":"CritSpinHelper.tick","message":"crit spin tick","data":{"entityId":4,"afterYaw":182.5517,"ticksRemaining":10,"beforeYaw":164.5517},"timestamp":1782886495104}
{"sessionId":"179cbb","hypothesisId":"H2","location":"CritSpinHelper.tick","message":"crit spin tick","data":{"entityId":4,"afterYaw":218.5517,"ticksRemaining":5,"beforeYaw":200.5517},"timestamp":1782886495215}
{"sessionId":"179cbb","hypothesisId":"H2","location":"CritSpinHelper.tick","message":"crit spin tick","data":{"entityId":4,"afterYaw":272.5517,"ticksRemaining":0,"beforeYaw":254.5517},"timestamp":1782886495349}
{"sessionId":"179cbb","hypothesisId":"H2","location":"CritSpinHelper.tick","message":"crit spin finished","data":{"entityId":4,"finalYaw":272.5517},"timestamp":1782886495350}
{"sessionId":"179cbb","hypothesisId":"H3","location":"VFXHelper.spawnStaticVFX","message":"bloody dash vfx spawn","data":{"vfxPath":"lodestone:bloody_dash","z":-170.0089890613468,"y":-59.5,"x":-55.9048606163182},"timestamp":1782886502423}
{"sessionId":"179cbb","hypothesisId":"H3","location":"VFXHelper.spawnStaticVFX","message":"bloody dash vfx spawn","data":{"vfxPath":"lodestone:bloody_dash","z":-170.03257338066996,"y":-59.47758416289633,"x":-56.1238498045965},"timestamp":1782886502425}
{"sessionId":"179cbb","hypothesisId":"H3","location":"VFXHelper.spawnStaticVFX","message":"bloody dash vfx spawn","data":{"vfxPath":"lodestone:bloody_dash","z":-170.05615769999315,"y":-59.45516832579266,"x":-56.3428389928748},"timestamp":1782886502427}
{"sessionId":"179cbb","hypothesisId":"H3","location":"VFXHelper.spawnStaticVFX","message":"bloody dash vfx spawn","data":{"vfxPath":"lodestone:bloody_dash","z":-170.0797420193163,"y":-59.43275248868899,"x":-56.56182818115311},"timestamp":1782886502429}
{"sessionId":"179cbb","hypothesisId":"H3","location":"VFXHelper.spawnStaticVFX","message":"bloody dash vfx spawn","data":{"vfxPath":"lodestone:bloody_dash","z":-170.10332633863948,"y":-59.41033665158532,"x":-56.78081736943141},"timestamp":1782886502430}
{"sessionId":"179cbb","hypothesisId":"H3","location":"VFXHelper.spawnStaticVFX","message":"bloody dash vfx spawn","data":{"vfxPath":"lodestone:bloody_dash","z":-170.12691065796267,"y":-59.387920814481646,"x":-56.99980655770971},"timestamp":1782886502431}
{"sessionId":"179cbb","hypothesisId":"H3","location":"VFXHelper.spawnStaticVFX","message":"bloody dash vfx spawn","data":{"vfxPath":"lodestone:bloody_dash","z":-170.15049497728583,"y":-59.36550497737798,"x":-57.21879574598801},"timestamp":1782886502433}
{"sessionId":"179cbb","hypothesisId":"H3","location":"VFXHelper.spawnStaticVFX","message":"bloody dash vfx spawn","data":{"vfxPath":"lodestone:bloody_dash","z":-170.17407929660902,"y":-59.34308914027431,"x":-57.43778493426631},"timestamp":1782886502435}
{"sessionId":"179cbb","hypothesisId":"H3","location":"VFXHelper.spawnStaticVFX","message":"bloody dash vfx spawn","data":{"vfxPath":"lodestone:bloody_dash","z":-170.19766361593219,"y":-59.320673303170636,"x":-57.65677412254461},"timestamp":1782886502435}
{"sessionId":"179cbb","hypothesisId":"H3","location":"VFXHelper.spawnStaticVFX","message":"bloody dash vfx spawn","data":{"vfxPath":"lodestone:bloody_dash","z":-170.22124793525535,"y":-59.298257466066964,"x":-57.87576331082292},"timestamp":1782886502437}
{"sessionId":"179cbb","hypothesisId":"H3","location":"VFXHelper.spawnStaticVFX","message":"bloody dash vfx spawn","data":{"vfxPath":"lodestone:bloody_dash","z":-170.24483225457854,"y":-59.2758416289633,"x":-58.09475249910122},"timestamp":1782886502439}
{"sessionId":"179cbb","hypothesisId":"H3","location":"VFXHelper.spawnStaticVFX","message":"bloody dash vfx spawn","data":{"vfxPath":"lodestone:bloody_dash","z":-170.2684165739017,"y":-59.25342579185963,"x":-58.31374168737952},"timestamp":1782886502440}
{"sessionId":"179cbb","hypothesisId":"H1","location":"CritWaveProcedure.execute","message":"crit wave triggered","data":{"stage":6,"yawBeforeSpin":66.75175,"playerId":4},"timestamp":1782886513008}
{"sessionId":"179cbb","hypothesisId":"H1","location":"CritSpinHelper.startSpin","message":"crit spin started","data":{"durationTicks":20,"startYaw":66.75175,"entityId":4,"degreesPerTick":18.0,"totalDegrees":360.0},"timestamp":1782886513010}
{"sessionId":"179cbb","hypothesisId":"H2","location":"CritSpinHelper.tick","message":"crit spin tick","data":{"entityId":4,"afterYaw":120.75175,"ticksRemaining":15,"beforeYaw":102.75175},"timestamp":1782886513139}
{"sessionId":"179cbb","hypothesisId":"H2","location":"CritSpinHelper.tick","message":"crit spin tick","data":{"entityId":4,"afterYaw":174.75174,"ticksRemaining":10,"beforeYaw":156.75174},"timestamp":1782886513255}
{"sessionId":"179cbb","hypothesisId":"H2","location":"CritSpinHelper.tick","message":"crit spin tick","data":{"entityId":4,"afterYaw":210.75174,"ticksRemaining":5,"beforeYaw":192.75174},"timestamp":1782886513357}
{"sessionId":"179cbb","hypothesisId":"H2","location":"CritSpinHelper.tick","message":"crit spin tick","data":{"entityId":4,"afterYaw":-95.24826,"ticksRemaining":0,"beforeYaw":-113.24826},"timestamp":1782886513506}
{"sessionId":"179cbb","hypothesisId":"H2","location":"CritSpinHelper.tick","message":"crit spin finished","data":{"entityId":4,"finalYaw":-95.24826},"timestamp":1782886513508}
{"sessionId":"179cbb","hypothesisId":"H3","location":"VFXHelper.spawnStaticVFX","message":"bloody dash vfx spawn","data":{"vfxPath":"lodestone:bloody_dash","z":-168.99581830945826,"y":-59.5,"x":-63.38481885553085},"timestamp":1782886524437}
{"sessionId":"179cbb","hypothesisId":"H3","location":"VFXHelper.spawnStaticVFX","message":"bloody dash vfx spawn","data":{"vfxPath":"lodestone:bloody_dash","z":-168.56242142276275,"y":-59.45304145596244,"x":-63.47813564355402},"timestamp":1782886524439}
{"sessionId":"179cbb","hypothesisId":"H3","location":"VFXHelper.spawnStaticVFX","message":"bloody dash vfx spawn","data":{"vfxPath":"lodestone:bloody_dash","z":-168.12902453606722,"y":-59.406082911924884,"x":-63.57145243157719},"timestamp":1782886524440}
{"sessionId":"179cbb","hypothesisId":"H3","location":"VFXHelper.spawnStaticVFX","message":"bloody dash vfx spawn","data":{"vfxPath":"lodestone:bloody_dash","z":-167.69562764937172,"y":-59.359124367887325,"x":-63.66476921960036},"timestamp":1782886524442}
{"sessionId":"179cbb","hypothesisId":"H3","location":"VFXHelper.spawnStaticVFX","message":"bloody dash vfx spawn","data":{"vfxPath":"lodestone:bloody_dash","z":-167.2622307626762,"y":-59.31216582384977,"x":-63.758086007623525},"timestamp":1782886524443}
{"sessionId":"179cbb","hypothesisId":"H3","location":"VFXHelper.spawnStaticVFX","message":"bloody dash vfx spawn","data":{"vfxPath":"lodestone:bloody_dash","z":-166.82883387598068,"y":-59.26520727981221,"x":-63.85140279564669},"timestamp":1782886524445}
{"sessionId":"179cbb","hypothesisId":"H3","location":"VFXHelper.spawnStaticVFX","message":"bloody dash vfx spawn","data":{"vfxPath":"lodestone:bloody_dash","z":-166.39543698928517,"y":-59.218248735774644,"x":-63.944719583669865},"timestamp":1782886524447}
{"sessionId":"179cbb","hypothesisId":"H3","location":"VFXHelper.spawnStaticVFX","message":"bloody dash vfx spawn","data":{"vfxPath":"lodestone:bloody_dash","z":-165.96204010258964,"y":-59.171290191737086,"x":-64.03803637169302},"timestamp":1782886524448}
{"sessionId":"179cbb","hypothesisId":"H3","location":"VFXHelper.spawnStaticVFX","message":"bloody dash vfx spawn","data":{"vfxPath":"lodestone:bloody_dash","z":-165.52864321589414,"y":-59.12433164769953,"x":-64.1313531597162},"timestamp":1782886524449}
{"sessionId":"179cbb","hypothesisId":"H3","location":"VFXHelper.spawnStaticVFX","message":"bloody dash vfx spawn","data":{"vfxPath":"lodestone:bloody_dash","z":-165.09524632919863,"y":-59.07737310366197,"x":-64.22466994773937},"timestamp":1782886524450}
{"sessionId":"179cbb","hypothesisId":"H3","location":"VFXHelper.spawnStaticVFX","message":"bloody dash vfx spawn","data":{"vfxPath":"lodestone:bloody_dash","z":-164.6618494425031,"y":-59.03041455962441,"x":-64.31798673576253},"timestamp":1782886524451}
{"sessionId":"179cbb","hypothesisId":"H3","location":"VFXHelper.spawnStaticVFX","message":"bloody dash vfx spawn","data":{"vfxPath":"lodestone:bloody_dash","z":-164.2284525558076,"y":-58.98345601558685,"x":-64.4113035237857},"timestamp":1782886524452}
{"sessionId":"179cbb","hypothesisId":"H1","location":"CritWaveProcedure.execute","message":"crit wave triggered","data":{"stage":6,"yawBeforeSpin":24.751637,"playerId":4},"timestamp":1782886538409}
{"sessionId":"179cbb","hypothesisId":"H1","location":"CritSpinHelper.startSpin","message":"crit spin started","data":{"durationTicks":20,"startYaw":24.751637,"entityId":4,"degreesPerTick":18.0,"totalDegrees":360.0},"timestamp":1782886538410}
{"sessionId":"179cbb","hypothesisId":"H2","location":"CritSpinHelper.tick","message":"crit spin tick","data":{"entityId":4,"afterYaw":81.30165,"ticksRemaining":15,"beforeYaw":63.301655},"timestamp":1782886538515}
{"sessionId":"179cbb","hypothesisId":"H2","location":"CritSpinHelper.tick","message":"crit spin tick","data":{"entityId":4,"afterYaw":135.90166,"ticksRemaining":10,"beforeYaw":117.90166},"timestamp":1782886538652}
{"sessionId":"179cbb","hypothesisId":"H2","location":"CritSpinHelper.tick","message":"crit spin tick","data":{"entityId":4,"afterYaw":172.05167,"ticksRemaining":5,"beforeYaw":154.05167},"timestamp":1782886538753}
{"sessionId":"179cbb","hypothesisId":"H2","location":"CritSpinHelper.tick","message":"crit spin tick","data":{"entityId":4,"afterYaw":-133.94833,"ticksRemaining":0,"beforeYaw":-151.94833},"timestamp":1782886538905}
{"sessionId":"179cbb","hypothesisId":"H2","location":"CritSpinHelper.tick","message":"crit spin finished","data":{"entityId":4,"finalYaw":-133.94833},"timestamp":1782886538907}
{"sessionId":"179cbb","hypothesisId":"H3","location":"VFXHelper.spawnStaticVFX","message":"bloody dash vfx spawn","data":{"vfxPath":"lodestone:bloody_dash","z":-153.87720114405298,"y":-59.5,"x":-55.26254216580917},"timestamp":1782889387949}
{"sessionId":"179cbb","hypothesisId":"H3","location":"VFXHelper.spawnStaticVFX","message":"bloody dash vfx spawn","data":{"vfxPath":"lodestone:bloody_dash","z":-153.92134366428277,"y":-59.47779298506,"x":-55.04358643703011},"timestamp":1782889388095}
{"sessionId":"179cbb","hypothesisId":"H3","location":"VFXHelper.spawnStaticVFX","message":"bloody dash vfx spawn","data":{"vfxPath":"lodestone:bloody_dash","z":-153.9654861845126,"y":-59.45558597012,"x":-54.82463070825104},"timestamp":1782889388099}
{"sessionId":"179cbb","hypothesisId":"H3","location":"VFXHelper.spawnStaticVFX","message":"bloody dash vfx spawn","data":{"vfxPath":"lodestone:bloody_dash","z":-154.0096287047424,"y":-59.43337895518,"x":-54.60567497947197},"timestamp":1782889388103}
{"sessionId":"179cbb","hypothesisId":"H3","location":"VFXHelper.spawnStaticVFX","message":"bloody dash vfx spawn","data":{"vfxPath":"lodestone:bloody_dash","z":-154.05377122497222,"y":-59.411171940239996,"x":-54.386719250692906},"timestamp":1782889388106}
{"sessionId":"179cbb","hypothesisId":"H3","location":"VFXHelper.spawnStaticVFX","message":"bloody dash vfx spawn","data":{"vfxPath":"lodestone:bloody_dash","z":-154.09791374520202,"y":-59.388964925299994,"x":-54.16776352191384},"timestamp":1782889388107}
{"sessionId":"179cbb","hypothesisId":"H3","location":"VFXHelper.spawnStaticVFX","message":"bloody dash vfx spawn","data":{"vfxPath":"lodestone:bloody_dash","z":-154.14205626543185,"y":-59.366757910359986,"x":-53.948807793134776},"timestamp":1782889388110}
{"sessionId":"179cbb","hypothesisId":"H3","location":"VFXHelper.spawnStaticVFX","message":"bloody dash vfx spawn","data":{"vfxPath":"lodestone:bloody_dash","z":-154.18619878566165,"y":-59.344550895419985,"x":-53.72985206435571},"timestamp":1782889388111}
{"sessionId":"179cbb","hypothesisId":"H3","location":"VFXHelper.spawnStaticVFX","message":"bloody dash vfx spawn","data":{"vfxPath":"lodestone:bloody_dash","z":-154.23034130589147,"y":-59.322343880479984,"x":-53.510896335576646},"timestamp":1782889388115}
{"sessionId":"179cbb","hypothesisId":"H3","location":"VFXHelper.spawnStaticVFX","message":"bloody dash vfx spawn","data":{"vfxPath":"lodestone:bloody_dash","z":-154.27448382612127,"y":-59.30013686553998,"x":-53.291940606797574},"timestamp":1782889388118}
{"sessionId":"179cbb","hypothesisId":"H3","location":"VFXHelper.spawnStaticVFX","message":"bloody dash vfx spawn","data":{"vfxPath":"lodestone:bloody_dash","z":-154.3186263463511,"y":-59.27792985059998,"x":-53.07298487801851},"timestamp":1782889388120}
{"sessionId":"179cbb","hypothesisId":"H3","location":"VFXHelper.spawnStaticVFX","message":"bloody dash vfx spawn","data":{"vfxPath":"lodestone:bloody_dash","z":-154.3627688665809,"y":-59.25572283565998,"x":-52.854029149239445},"timestamp":1782889388122}
{"sessionId":"179cbb","hypothesisId":"H1","location":"CritWaveProcedure.execute","message":"crit wave triggered","data":{"yawBeforeSpin":-137.99887,"playerId":3,"stage":6},"timestamp":1782889398098}
{"sessionId":"179cbb","hypothesisId":"H1","location":"CritSpinHelper.startSpin","message":"crit spin started","data":{"startYaw":-137.99887,"entityId":3,"degreesPerTick":18.0,"totalDegrees":360.0,"durationTicks":20},"timestamp":1782889398102}
{"sessionId":"179cbb","hypothesisId":"H2","location":"CritSpinHelper.tick","message":"crit spin tick","data":{"afterYaw":-461.99887,"ticksRemaining":15,"beforeYaw":-479.99887,"entityId":3},"timestamp":1782889398220}
{"sessionId":"179cbb","hypothesisId":"H2","location":"CritSpinHelper.tick","message":"crit spin tick","data":{"afterYaw":-407.99887,"ticksRemaining":10,"beforeYaw":-425.99887,"entityId":3},"timestamp":1782889398360}
{"sessionId":"179cbb","hypothesisId":"H2","location":"CritSpinHelper.tick","message":"crit spin tick","data":{"afterYaw":6.001129,"ticksRemaining":5,"beforeYaw":-11.998871,"entityId":3},"timestamp":1782889398468}
{"sessionId":"179cbb","hypothesisId":"H2","location":"CritSpinHelper.tick","message":"crit spin tick","data":{"afterYaw":-317.99887,"ticksRemaining":0,"beforeYaw":-335.99887,"entityId":3},"timestamp":1782889398608}
{"sessionId":"179cbb","hypothesisId":"H2","location":"CritSpinHelper.tick","message":"crit spin finished","data":{"entityId":3,"finalYaw":-317.99887},"timestamp":1782889398609}
{"sessionId":"179cbb","hypothesisId":"H1","location":"CritWaveProcedure.execute","message":"crit wave triggered","data":{"playerId":2,"yawBeforeSpin":109.20047,"stage":7},"timestamp":1782892329051}
{"sessionId":"179cbb","hypothesisId":"H1","location":"CritSpinHelper.startSpin","message":"crit spin started","data":{"totalDegrees":360.0,"degreesPerTick":18.0,"entityId":2,"startYaw":109.20047,"durationTicks":20},"timestamp":1782892329059}
{"sessionId":"179cbb","hypothesisId":"H2","location":"CritSpinHelper.tick","message":"crit spin tick","data":{"afterYaw":145.20047,"entityId":2,"beforeYaw":127.20047,"ticksRemaining":15},"timestamp":1782892329171}
{"sessionId":"179cbb","hypothesisId":"H2","location":"CritSpinHelper.tick","message":"crit spin tick","data":{"afterYaw":-160.79953,"entityId":2,"beforeYaw":-178.79953,"ticksRemaining":10},"timestamp":1782892329309}
{"sessionId":"179cbb","hypothesisId":"H2","location":"CritSpinHelper.tick","message":"crit spin tick","data":{"afterYaw":-106.79953,"entityId":2,"beforeYaw":-124.79953,"ticksRemaining":5},"timestamp":1782892329422}
{"sessionId":"179cbb","hypothesisId":"H2","location":"CritSpinHelper.tick","message":"crit spin tick","data":{"afterYaw":-70.79953,"entityId":2,"beforeYaw":-88.79953,"ticksRemaining":0},"timestamp":1782892329551}
{"sessionId":"179cbb","hypothesisId":"H2","location":"CritSpinHelper.tick","message":"crit spin finished","data":{"entityId":2,"finalYaw":-70.79953},"timestamp":1782892329551}
{"sessionId":"179cbb","hypothesisId":"H1","location":"CritWaveProcedure.execute","message":"crit wave triggered","data":{"playerId":2,"yawBeforeSpin":80.100494,"stage":7},"timestamp":1782892416278}
{"sessionId":"179cbb","hypothesisId":"H1","location":"CritSpinHelper.startSpin","message":"crit spin started","data":{"totalDegrees":360.0,"degreesPerTick":18.0,"entityId":2,"startYaw":80.100494,"durationTicks":20},"timestamp":1782892416279}
{"sessionId":"179cbb","hypothesisId":"H2","location":"CritSpinHelper.tick","message":"crit spin tick","data":{"afterYaw":-225.8995,"entityId":2,"beforeYaw":-243.8995,"ticksRemaining":15},"timestamp":1782892416377}
{"sessionId":"179cbb","hypothesisId":"H2","location":"CritSpinHelper.tick","message":"crit spin tick","data":{"afterYaw":188.1005,"entityId":2,"beforeYaw":170.1005,"ticksRemaining":10},"timestamp":1782892416520}
{"sessionId":"179cbb","hypothesisId":"H2","location":"CritSpinHelper.tick","message":"crit spin tick","data":{"afterYaw":-135.8995,"entityId":2,"beforeYaw":-153.8995,"ticksRemaining":5},"timestamp":1782892416635}
{"sessionId":"179cbb","hypothesisId":"H2","location":"CritSpinHelper.tick","message":"crit spin tick","data":{"afterYaw":-81.899506,"entityId":2,"beforeYaw":-99.899506,"ticksRemaining":0},"timestamp":1782892416771}
{"sessionId":"179cbb","hypothesisId":"H2","location":"CritSpinHelper.tick","message":"crit spin finished","data":{"entityId":2,"finalYaw":-81.899506},"timestamp":1782892416773}
{"sessionId":"179cbb","hypothesisId":"H1","location":"CritWaveProcedure.execute","message":"crit wave triggered","data":{"stage":7,"playerId":2,"yawBeforeSpin":56.7006},"timestamp":1782893260387}
{"sessionId":"179cbb","hypothesisId":"H1","location":"CritSpinHelper.startSpin","message":"crit spin started","data":{"durationTicks":20,"totalDegrees":360.0,"degreesPerTick":18.0,"entityId":2,"startYaw":56.7006},"timestamp":1782893260395}
{"sessionId":"179cbb","hypothesisId":"H2","location":"CritSpinHelper.tick","message":"crit spin tick","data":{"entityId":2,"beforeYaw":74.7006,"ticksRemaining":15,"afterYaw":92.7006},"timestamp":1782893260561}
{"sessionId":"179cbb","hypothesisId":"H2","location":"CritSpinHelper.tick","message":"crit spin tick","data":{"entityId":2,"beforeYaw":128.70059,"ticksRemaining":10,"afterYaw":146.70059},"timestamp":1782893260631}
{"sessionId":"179cbb","hypothesisId":"H2","location":"CritSpinHelper.tick","message":"crit spin tick","data":{"entityId":2,"beforeYaw":182.70059,"ticksRemaining":5,"afterYaw":200.70059},"timestamp":1782893260749}
{"sessionId":"179cbb","hypothesisId":"H2","location":"CritSpinHelper.tick","message":"crit spin tick","data":{"entityId":2,"beforeYaw":218.70059,"ticksRemaining":0,"afterYaw":236.70059},"timestamp":1782893260863}
{"sessionId":"179cbb","hypothesisId":"H2","location":"CritSpinHelper.tick","message":"crit spin finished","data":{"finalYaw":236.70059,"entityId":2},"timestamp":1782893260864}
{"sessionId":"179cbb","hypothesisId":"H1","location":"CritWaveProcedure.execute","message":"crit wave triggered","data":{"stage":6,"playerId":2,"yawBeforeSpin":-45.300415},"timestamp":1782893426917}
{"sessionId":"179cbb","hypothesisId":"H1","location":"CritSpinHelper.startSpin","message":"crit spin started","data":{"durationTicks":20,"totalDegrees":360.0,"degreesPerTick":18.0,"entityId":2,"startYaw":-45.300415},"timestamp":1782893426917}
{"sessionId":"179cbb","hypothesisId":"H2","location":"CritSpinHelper.tick","message":"crit spin tick","data":{"entityId":2,"beforeYaw":350.6996,"ticksRemaining":15,"afterYaw":368.6996},"timestamp":1782893427045}
{"sessionId":"179cbb","hypothesisId":"H2","location":"CritSpinHelper.tick","message":"crit spin tick","data":{"entityId":2,"beforeYaw":44.699585,"ticksRemaining":10,"afterYaw":62.699585},"timestamp":1782893427165}
{"sessionId":"179cbb","hypothesisId":"H2","location":"CritSpinHelper.tick","message":"crit spin tick","data":{"entityId":2,"beforeYaw":440.6996,"ticksRemaining":5,"afterYaw":458.6996},"timestamp":1782893427294}
{"sessionId":"179cbb","hypothesisId":"H2","location":"CritSpinHelper.tick","message":"crit spin tick","data":{"entityId":2,"beforeYaw":134.69958,"ticksRemaining":0,"afterYaw":152.69958},"timestamp":1782893427410}
{"sessionId":"179cbb","hypothesisId":"H2","location":"CritSpinHelper.tick","message":"crit spin finished","data":{"finalYaw":152.69958,"entityId":2},"timestamp":1782893427412}
{"sessionId":"179cbb","hypothesisId":"H3","location":"VFXHelper.spawnStaticVFX","message":"bloody dash vfx spawn","data":{"vfxPath":"lodestone:bloody_dash","x":52.646783608668684,"y":-59.5,"z":146.60307739727182},"timestamp":1782894273015}
{"sessionId":"179cbb","hypothesisId":"H3","location":"VFXHelper.spawnStaticVFX","message":"bloody dash vfx spawn","data":{"vfxPath":"lodestone:bloody_dash","x":52.33897083665476,"y":-59.49431639909744,"z":146.30006680892933},"timestamp":1782894273102}
{"sessionId":"179cbb","hypothesisId":"H3","location":"VFXHelper.spawnStaticVFX","message":"bloody dash vfx spawn","data":{"vfxPath":"lodestone:bloody_dash","x":52.031158064640834,"y":-59.488632798194885,"z":145.99705622058684},"timestamp":1782894273103}
{"sessionId":"179cbb","hypothesisId":"H3","location":"VFXHelper.spawnStaticVFX","message":"bloody dash vfx spawn","data":{"vfxPath":"lodestone:bloody_dash","x":51.72334529262691,"y":-59.48294919729233,"z":145.69404563224433},"timestamp":1782894273106}
{"sessionId":"179cbb","hypothesisId":"H3","location":"VFXHelper.spawnStaticVFX","message":"bloody dash vfx spawn","data":{"vfxPath":"lodestone:bloody_dash","x":51.415532520612985,"y":-59.47726559638977,"z":145.39103504390184},"timestamp":1782894273108}
{"sessionId":"179cbb","hypothesisId":"H3","location":"VFXHelper.spawnStaticVFX","message":"bloody dash vfx spawn","data":{"vfxPath":"lodestone:bloody_dash","x":51.10771974859906,"y":-59.47158199548721,"z":145.08802445555935},"timestamp":1782894273109}
{"sessionId":"179cbb","hypothesisId":"H3","location":"VFXHelper.spawnStaticVFX","message":"bloody dash vfx spawn","data":{"vfxPath":"lodestone:bloody_dash","x":50.79990697658514,"y":-59.465898394584656,"z":144.78501386721686},"timestamp":1782894273111}
{"sessionId":"179cbb","hypothesisId":"H3","location":"VFXHelper.spawnStaticVFX","message":"bloody dash vfx spawn","data":{"vfxPath":"lodestone:bloody_dash","x":50.49209420457122,"y":-59.4602147936821,"z":144.48200327887437},"timestamp":1782894273113}
{"sessionId":"179cbb","hypothesisId":"H3","location":"VFXHelper.spawnStaticVFX","message":"bloody dash vfx spawn","data":{"vfxPath":"lodestone:bloody_dash","x":50.18428143255729,"y":-59.45453119277954,"z":144.17899269053189},"timestamp":1782894273114}
{"sessionId":"179cbb","hypothesisId":"H3","location":"VFXHelper.spawnStaticVFX","message":"bloody dash vfx spawn","data":{"vfxPath":"lodestone:bloody_dash","x":49.87646866054337,"y":-59.448847591876984,"z":143.87598210218937},"timestamp":1782894273116}
{"sessionId":"179cbb","hypothesisId":"H3","location":"VFXHelper.spawnStaticVFX","message":"bloody dash vfx spawn","data":{"vfxPath":"lodestone:bloody_dash","x":49.56865588852944,"y":-59.443163990974426,"z":143.57297151384688},"timestamp":1782894273118}
{"sessionId":"179cbb","hypothesisId":"H3","location":"VFXHelper.spawnStaticVFX","message":"bloody dash vfx spawn","data":{"vfxPath":"lodestone:bloody_dash","x":49.26084311651552,"y":-59.43748039007187,"z":143.2699609255044},"timestamp":1782894273121}
{"sessionId":"179cbb","hypothesisId":"H3","location":"VFXHelper.spawnStaticVFX","message":"bloody dash vfx spawn","data":{"vfxPath":"lodestone:bloody_dash","x":67.87176205546018,"y":-59.5,"z":160.99616368602224},"timestamp":1782894286428}
{"sessionId":"179cbb","hypothesisId":"H3","location":"VFXHelper.spawnStaticVFX","message":"bloody dash vfx spawn","data":{"vfxPath":"lodestone:bloody_dash","x":68.02851192168568,"y":-59.486341974952005,"z":161.40136508318113},"timestamp":1782894286430}
{"sessionId":"179cbb","hypothesisId":"H3","location":"VFXHelper.spawnStaticVFX","message":"bloody dash vfx spawn","data":{"vfxPath":"lodestone:bloody_dash","x":68.18526178791119,"y":-59.47268394990401,"z":161.80656648034},"timestamp":1782894286431}
{"sessionId":"179cbb","hypothesisId":"H3","location":"VFXHelper.spawnStaticVFX","message":"bloody dash vfx spawn","data":{"vfxPath":"lodestone:bloody_dash","x":68.34201165413668,"y":-59.459025924856014,"z":162.2117678774989},"timestamp":1782894286434}
{"sessionId":"179cbb","hypothesisId":"H3","location":"VFXHelper.spawnStaticVFX","message":"bloody dash vfx spawn","data":{"vfxPath":"lodestone:bloody_dash","x":68.4987615203622,"y":-59.44536789980802,"z":162.61696927465778},"timestamp":1782894286436}
{"sessionId":"179cbb","hypothesisId":"H3","location":"VFXHelper.spawnStaticVFX","message":"bloody dash vfx spawn","data":{"vfxPath":"lodestone:bloody_dash","x":68.65551138658769,"y":-59.431709874760024,"z":163.02217067181667},"timestamp":1782894286437}
{"sessionId":"179cbb","hypothesisId":"H3","location":"VFXHelper.spawnStaticVFX","message":"bloody dash vfx spawn","data":{"vfxPath":"lodestone:bloody_dash","x":68.8122612528132,"y":-59.41805184971202,"z":163.42737206897553},"timestamp":1782894286437}
{"sessionId":"179cbb","hypothesisId":"H3","location":"VFXHelper.spawnStaticVFX","message":"bloody dash vfx spawn","data":{"vfxPath":"lodestone:bloody_dash","x":68.9690111190387,"y":-59.40439382466403,"z":163.83257346613442},"timestamp":1782894286440}
{"sessionId":"179cbb","hypothesisId":"H3","location":"VFXHelper.spawnStaticVFX","message":"bloody dash vfx spawn","data":{"vfxPath":"lodestone:bloody_dash","x":69.12576098526421,"y":-59.39073579961603,"z":164.2377748632933},"timestamp":1782894286440}
{"sessionId":"179cbb","hypothesisId":"H3","location":"VFXHelper.spawnStaticVFX","message":"bloody dash vfx spawn","data":{"vfxPath":"lodestone:bloody_dash","x":69.2825108514897,"y":-59.377077774568036,"z":164.6429762604522},"timestamp":1782894286442}
{"sessionId":"179cbb","hypothesisId":"H3","location":"VFXHelper.spawnStaticVFX","message":"bloody dash vfx spawn","data":{"vfxPath":"lodestone:bloody_dash","x":69.43926071771521,"y":-59.36341974952004,"z":165.04817765761106},"timestamp":1782894286444}
{"sessionId":"179cbb","hypothesisId":"H3","location":"VFXHelper.spawnStaticVFX","message":"bloody dash vfx spawn","data":{"vfxPath":"lodestone:bloody_dash","x":69.59601058394071,"y":-59.349761724472046,"z":165.45337905476995},"timestamp":1782894286446}
{"sessionId":"179cbb","hypothesisId":"H1","location":"CritWaveProcedure.execute","message":"crit wave triggered","data":{"yawBeforeSpin":-21.5997,"stage":6,"playerId":5},"timestamp":1782894290426}
{"sessionId":"179cbb","hypothesisId":"H1","location":"CritSpinHelper.startSpin","message":"crit spin started","data":{"degreesPerTick":18.0,"entityId":5,"startYaw":-21.5997,"durationTicks":20,"totalDegrees":360.0},"timestamp":1782894290429}
{"sessionId":"179cbb","hypothesisId":"H2","location":"CritSpinHelper.tick","message":"crit spin tick","data":{"afterYaw":32.4003,"entityId":5,"beforeYaw":14.400299,"ticksRemaining":15},"timestamp":1782894290519}
{"sessionId":"179cbb","hypothesisId":"H2","location":"CritSpinHelper.tick","message":"crit spin tick","data":{"afterYaw":428.4003,"entityId":5,"beforeYaw":410.4003,"ticksRemaining":10},"timestamp":1782894290638}
{"sessionId":"179cbb","hypothesisId":"H2","location":"CritSpinHelper.tick","message":"crit spin tick","data":{"afterYaw":122.4003,"entityId":5,"beforeYaw":104.4003,"ticksRemaining":5},"timestamp":1782894290763}
{"sessionId":"179cbb","hypothesisId":"H2","location":"CritSpinHelper.tick","message":"crit spin tick","data":{"afterYaw":518.40027,"entityId":5,"beforeYaw":500.4003,"ticksRemaining":0},"timestamp":1782894290886}
{"sessionId":"179cbb","hypothesisId":"H2","location":"CritSpinHelper.tick","message":"crit spin finished","data":{"entityId":5,"finalYaw":518.40027},"timestamp":1782894290888}
{"sessionId":"179cbb","hypothesisId":"H3","location":"VFXHelper.spawnStaticVFX","message":"bloody dash vfx spawn","data":{"vfxPath":"lodestone:bloody_dash","x":72.51692053821,"y":-59.5,"z":120.19445972004746},"timestamp":1782894307916}
{"sessionId":"179cbb","hypothesisId":"H3","location":"VFXHelper.spawnStaticVFX","message":"bloody dash vfx spawn","data":{"vfxPath":"lodestone:bloody_dash","x":72.56862956890205,"y":-59.48183925856244,"z":119.90276615185373},"timestamp":1782894307917}
{"sessionId":"179cbb","hypothesisId":"H3","location":"VFXHelper.spawnStaticVFX","message":"bloody dash vfx spawn","data":{"vfxPath":"lodestone:bloody_dash","x":72.6203385995941,"y":-59.46367851712487,"z":119.61107258365998},"timestamp":1782894307917}
{"sessionId":"179cbb","hypothesisId":"H3","location":"VFXHelper.spawnStaticVFX","message":"bloody dash vfx spawn","data":{"vfxPath":"lodestone:bloody_dash","x":72.67204763028617,"y":-59.44551777568731,"z":119.31937901546624},"timestamp":1782894307920}
{"sessionId":"179cbb","hypothesisId":"H3","location":"VFXHelper.spawnStaticVFX","message":"bloody dash vfx spawn","data":{"vfxPath":"lodestone:bloody_dash","x":72.72375666097822,"y":-59.42735703424974,"z":119.0276854472725},"timestamp":1782894307921}
{"sessionId":"179cbb","hypothesisId":"H3","location":"VFXHelper.spawnStaticVFX","message":"bloody dash vfx spawn","data":{"vfxPath":"lodestone:bloody_dash","x":72.77546569167028,"y":-59.409196292812176,"z":118.73599187907877},"timestamp":1782894307921}
{"sessionId":"179cbb","hypothesisId":"H3","location":"VFXHelper.spawnStaticVFX","message":"bloody dash vfx spawn","data":{"vfxPath":"lodestone:bloody_dash","x":72.82717472236233,"y":-59.39103555137461,"z":118.44429831088502},"timestamp":1782894307922}
{"sessionId":"179cbb","hypothesisId":"H3","location":"VFXHelper.spawnStaticVFX","message":"bloody dash vfx spawn","data":{"vfxPath":"lodestone:bloody_dash","x":72.87888375305438,"y":-59.372874809937045,"z":118.15260474269128},"timestamp":1782894307922}
{"sessionId":"179cbb","hypothesisId":"H3","location":"VFXHelper.spawnStaticVFX","message":"bloody dash vfx spawn","data":{"vfxPath":"lodestone:bloody_dash","x":72.93059278374643,"y":-59.354714068499476,"z":117.86091117449755},"timestamp":1782894307923}
{"sessionId":"179cbb","hypothesisId":"H3","location":"VFXHelper.spawnStaticVFX","message":"bloody dash vfx spawn","data":{"vfxPath":"lodestone:bloody_dash","x":72.9823018144385,"y":-59.336553327061914,"z":117.56921760630381},"timestamp":1782894307923}
{"sessionId":"179cbb","hypothesisId":"H3","location":"VFXHelper.spawnStaticVFX","message":"bloody dash vfx spawn","data":{"vfxPath":"lodestone:bloody_dash","x":73.03401084513055,"y":-59.318392585624345,"z":117.27752403811006},"timestamp":1782894307924}
{"sessionId":"179cbb","hypothesisId":"H3","location":"VFXHelper.spawnStaticVFX","message":"bloody dash vfx spawn","data":{"vfxPath":"lodestone:bloody_dash","x":73.0857198758226,"y":-59.30023184418678,"z":116.98583046991632},"timestamp":1782894307924}
{"sessionId":"179cbb","hypothesisId":"H1","location":"CritWaveProcedure.execute","message":"crit wave triggered","data":{"yawBeforeSpin":-169.9494,"stage":7,"playerId":5},"timestamp":1782894309916}
{"sessionId":"179cbb","hypothesisId":"H1","location":"CritSpinHelper.startSpin","message":"crit spin started","data":{"degreesPerTick":18.0,"entityId":5,"startYaw":-169.9494,"durationTicks":20,"totalDegrees":360.0},"timestamp":1782894309918}
{"sessionId":"179cbb","hypothesisId":"H2","location":"CritSpinHelper.tick","message":"crit spin tick","data":{"afterYaw":604.0506,"entityId":5,"beforeYaw":586.0506,"ticksRemaining":15},"timestamp":1782894310036}
{"sessionId":"179cbb","hypothesisId":"H2","location":"CritSpinHelper.tick","message":"crit spin tick","data":{"afterYaw":-61.9494,"entityId":5,"beforeYaw":-79.9494,"ticksRemaining":10},"timestamp":1782894310164}
{"sessionId":"179cbb","hypothesisId":"H2","location":"CritSpinHelper.tick","message":"crit spin tick","data":{"afterYaw":694.0506,"entityId":5,"beforeYaw":676.0506,"ticksRemaining":5},"timestamp":1782894310294}
{"sessionId":"179cbb","hypothesisId":"H2","location":"CritSpinHelper.tick","message":"crit spin tick","data":{"afterYaw":28.050598,"entityId":5,"beforeYaw":10.050598,"ticksRemaining":0},"timestamp":1782894310414}
{"sessionId":"179cbb","hypothesisId":"H2","location":"CritSpinHelper.tick","message":"crit spin finished","data":{"entityId":5,"finalYaw":28.050598},"timestamp":1782894310415}
{"sessionId":"179cbb","hypothesisId":"H1","location":"CritWaveProcedure.execute","message":"crit wave triggered","data":{"yawBeforeSpin":17.24945,"stage":7,"playerId":5},"timestamp":1782895633351}
{"sessionId":"179cbb","hypothesisId":"H1","location":"CritSpinHelper.startSpin","message":"crit spin started","data":{"entityId":5,"startYaw":17.24945,"durationTicks":20,"totalDegrees":360.0,"degreesPerTick":18.0},"timestamp":1782895633360}
{"sessionId":"179cbb","hypothesisId":"H2","location":"CritSpinHelper.tick","message":"crit spin tick","data":{"entityId":5,"beforeYaw":-306.75055,"ticksRemaining":15,"afterYaw":-288.75055},"timestamp":1782895633471}
{"sessionId":"179cbb","hypothesisId":"H2","location":"CritSpinHelper.tick","message":"crit spin tick","data":{"entityId":5,"beforeYaw":107.24945,"ticksRemaining":10,"afterYaw":125.24945},"timestamp":1782895633592}
{"sessionId":"179cbb","hypothesisId":"H2","location":"CritSpinHelper.tick","message":"crit spin tick","data":{"entityId":5,"beforeYaw":-216.75055,"ticksRemaining":5,"afterYaw":-198.75055},"timestamp":1782895633720}
{"sessionId":"179cbb","hypothesisId":"H2","location":"CritSpinHelper.tick","message":"crit spin tick","data":{"entityId":5,"beforeYaw":-162.75055,"ticksRemaining":0,"afterYaw":-144.75055},"timestamp":1782895633837}
{"sessionId":"179cbb","hypothesisId":"H2","location":"CritSpinHelper.tick","message":"crit spin finished","data":{"finalYaw":-144.75055,"entityId":5},"timestamp":1782895633837}
{"sessionId":"179cbb","hypothesisId":"H1","location":"CritWaveProcedure.execute","message":"crit wave triggered","data":{"yawBeforeSpin":134.99959,"stage":6,"playerId":5},"timestamp":1782895662226}
{"sessionId":"179cbb","hypothesisId":"H1","location":"CritSpinHelper.startSpin","message":"crit spin started","data":{"entityId":5,"startYaw":134.99959,"durationTicks":20,"totalDegrees":360.0,"degreesPerTick":18.0},"timestamp":1782895662239}
{"sessionId":"179cbb","hypothesisId":"H2","location":"CritSpinHelper.tick","message":"crit spin tick","data":{"entityId":5,"beforeYaw":170.99959,"ticksRemaining":15,"afterYaw":188.99959},"timestamp":1782895662335}
{"sessionId":"179cbb","hypothesisId":"H2","location":"CritSpinHelper.tick","message":"crit spin tick","data":{"entityId":5,"beforeYaw":-153.00041,"ticksRemaining":10,"afterYaw":-135.00041},"timestamp":1782895662465}
{"sessionId":"179cbb","hypothesisId":"H2","location":"CritSpinHelper.tick","message":"crit spin tick","data":{"entityId":5,"beforeYaw":-99.00041,"ticksRemaining":5,"afterYaw":-81.00041},"timestamp":1782895662587}
{"sessionId":"179cbb","hypothesisId":"H2","location":"CritSpinHelper.tick","message":"crit spin tick","data":{"entityId":5,"beforeYaw":-63.000412,"ticksRemaining":0,"afterYaw":-45.000412},"timestamp":1782895662718}
{"sessionId":"179cbb","hypothesisId":"H2","location":"CritSpinHelper.tick","message":"crit spin finished","data":{"finalYaw":-45.000412,"entityId":5},"timestamp":1782895662720}
{"sessionId":"179cbb","hypothesisId":"H3","location":"VFXHelper.spawnStaticVFX","message":"bloody dash vfx spawn","data":{"z":90.14180642090788,"y":-59.5,"x":95.77244246928471,"vfxPath":"lodestone:bloody_dash"},"timestamp":1782898343831}
{"sessionId":"179cbb","hypothesisId":"H3","location":"VFXHelper.spawnStaticVFX","message":"bloody dash vfx spawn","data":{"z":89.75517628675885,"y":-59.44486405768178,"x":95.55189876774438,"vfxPath":"lodestone:bloody_dash"},"timestamp":1782898343918}
{"sessionId":"179cbb","hypothesisId":"H3","location":"VFXHelper.spawnStaticVFX","message":"bloody dash vfx spawn","data":{"z":89.36854615260982,"y":-59.38972811536355,"x":95.33135506620403,"vfxPath":"lodestone:bloody_dash"},"timestamp":1782898343919}
{"sessionId":"179cbb","hypothesisId":"H3","location":"VFXHelper.spawnStaticVFX","message":"bloody dash vfx spawn","data":{"z":88.9819160184608,"y":-59.33459217304533,"x":95.11081136466369,"vfxPath":"lodestone:bloody_dash"},"timestamp":1782898343920}
{"sessionId":"179cbb","hypothesisId":"H3","location":"VFXHelper.spawnStaticVFX","message":"bloody dash vfx spawn","data":{"z":88.59528588431176,"y":-59.27945623072711,"x":94.89026766312335,"vfxPath":"lodestone:bloody_dash"},"timestamp":1782898343921}
{"sessionId":"179cbb","hypothesisId":"H3","location":"VFXHelper.spawnStaticVFX","message":"bloody dash vfx spawn","data":{"z":88.20865575016273,"y":-59.22432028840888,"x":94.66972396158302,"vfxPath":"lodestone:bloody_dash"},"timestamp":1782898343922}
{"sessionId":"179cbb","hypothesisId":"H3","location":"VFXHelper.spawnStaticVFX","message":"bloody dash vfx spawn","data":{"z":87.82202561601369,"y":-59.16918434609067,"x":94.44918026004267,"vfxPath":"lodestone:bloody_dash"},"timestamp":1782898343922}
{"sessionId":"179cbb","hypothesisId":"H3","location":"VFXHelper.spawnStaticVFX","message":"bloody dash vfx spawn","data":{"z":87.43539548186466,"y":-59.11404840377244,"x":94.22863655850233,"vfxPath":"lodestone:bloody_dash"},"timestamp":1782898343925}
{"sessionId":"179cbb","hypothesisId":"H3","location":"VFXHelper.spawnStaticVFX","message":"bloody dash vfx spawn","data":{"z":87.04876534771563,"y":-59.05891246145422,"x":94.008092856962,"vfxPath":"lodestone:bloody_dash"},"timestamp":1782898343925}
{"sessionId":"179cbb","hypothesisId":"H3","location":"VFXHelper.spawnStaticVFX","message":"bloody dash vfx spawn","data":{"z":86.6621352135666,"y":-59.003776519136,"x":93.78754915542166,"vfxPath":"lodestone:bloody_dash"},"timestamp":1782898343927}
{"sessionId":"179cbb","hypothesisId":"H3","location":"VFXHelper.spawnStaticVFX","message":"bloody dash vfx spawn","data":{"z":86.27550507941757,"y":-58.94864057681777,"x":93.56700545388131,"vfxPath":"lodestone:bloody_dash"},"timestamp":1782898343927}
{"sessionId":"179cbb","hypothesisId":"H3","location":"VFXHelper.spawnStaticVFX","message":"bloody dash vfx spawn","data":{"z":85.88887494526854,"y":-58.89350463449955,"x":93.34646175234097,"vfxPath":"lodestone:bloody_dash"},"timestamp":1782898343928}
{"sessionId":"179cbb","hypothesisId":"H1","location":"CritWaveProcedure.execute","message":"crit wave triggered","data":{"stage":6,"yawBeforeSpin":150.29956,"playerId":5},"timestamp":1782898346698}
{"sessionId":"179cbb","hypothesisId":"H1","location":"CritSpinHelper.startSpin","message":"crit spin started","data":{"totalDegrees":360.0,"durationTicks":20,"startYaw":150.29956,"entityId":5,"degreesPerTick":18.0},"timestamp":1782898346700}
{"sessionId":"179cbb","hypothesisId":"H2","location":"CritSpinHelper.tick","message":"crit spin tick","data":{"ticksRemaining":15,"beforeYaw":186.29956,"entityId":5,"afterYaw":204.29956},"timestamp":1782898346809}
{"sessionId":"179cbb","hypothesisId":"H2","location":"CritSpinHelper.tick","message":"crit spin tick","data":{"ticksRemaining":10,"beforeYaw":222.29956,"entityId":5,"afterYaw":240.29956},"timestamp":1782898346954}
{"sessionId":"179cbb","hypothesisId":"H2","location":"CritSpinHelper.tick","message":"crit spin tick","data":{"ticksRemaining":5,"beforeYaw":-83.70044,"entityId":5,"afterYaw":-65.70044},"timestamp":1782898347057}
{"sessionId":"179cbb","hypothesisId":"H2","location":"CritSpinHelper.tick","message":"crit spin tick","data":{"ticksRemaining":0,"beforeYaw":312.29956,"entityId":5,"afterYaw":330.29956},"timestamp":1782898347197}
{"sessionId":"179cbb","hypothesisId":"H2","location":"CritSpinHelper.tick","message":"crit spin finished","data":{"entityId":5,"finalYaw":330.29956},"timestamp":1782898347198}
{"sessionId":"179cbb","hypothesisId":"H3","location":"VFXHelper.spawnStaticVFX","message":"bloody dash vfx spawn","data":{"z":85.88887494526854,"y":-59.5,"x":93.34646175234097,"vfxPath":"lodestone:bloody_dash"},"timestamp":1782898350246}
{"sessionId":"179cbb","hypothesisId":"H3","location":"VFXHelper.spawnStaticVFX","message":"bloody dash vfx spawn","data":{"z":86.27552623906647,"y":-59.44486405768178,"x":93.56696837708296,"vfxPath":"lodestone:bloody_dash"},"timestamp":1782898350247}
{"sessionId":"179cbb","hypothesisId":"H3","location":"VFXHelper.spawnStaticVFX","message":"bloody dash vfx spawn","data":{"z":86.66217753286439,"y":-59.38972811536355,"x":93.78747500182494,"vfxPath":"lodestone:bloody_dash"},"timestamp":1782898350248}
{"sessionId":"179cbb","hypothesisId":"H3","location":"VFXHelper.spawnStaticVFX","message":"bloody dash vfx spawn","data":{"z":87.04882882666232,"y":-59.33459217304533,"x":94.00798162656693,"vfxPath":"lodestone:bloody_dash"},"timestamp":1782898350249}
{"sessionId":"179cbb","hypothesisId":"H3","location":"VFXHelper.spawnStaticVFX","message":"bloody dash vfx spawn","data":{"z":87.43548012046024,"y":-59.27945623072711,"x":94.22848825130892,"vfxPath":"lodestone:bloody_dash"},"timestamp":1782898350249}
{"sessionId":"179cbb","hypothesisId":"H3","location":"VFXHelper.spawnStaticVFX","message":"bloody dash vfx spawn","data":{"z":87.82213141425817,"y":-59.22432028840888,"x":94.4489948760509,"vfxPath":"lodestone:bloody_dash"},"timestamp":1782898350250}
{"sessionId":"179cbb","hypothesisId":"H3","location":"VFXHelper.spawnStaticVFX","message":"bloody dash vfx spawn","data":{"z":88.2087827080561,"y":-59.16918434609067,"x":94.6695015007929,"vfxPath":"lodestone:bloody_dash"},"timestamp":1782898350251}
{"sessionId":"179cbb","hypothesisId":"H3","location":"VFXHelper.spawnStaticVFX","message":"bloody dash vfx spawn","data":{"z":88.59543400185403,"y":-59.11404840377244,"x":94.89000812553489,"vfxPath":"lodestone:bloody_dash"},"timestamp":1782898350252}
{"sessionId":"179cbb","hypothesisId":"H3","location":"VFXHelper.spawnStaticVFX","message":"bloody dash vfx spawn","data":{"z":88.98208529565196,"y":-59.05891246145422,"x":95.11051475027688,"vfxPath":"lodestone:bloody_dash"},"timestamp":1782898350252}
{"sessionId":"179cbb","hypothesisId":"H3","location":"VFXHelper.spawnStaticVFX","message":"bloody dash vfx spawn","data":{"z":89.36873658944988,"y":-59.003776519136,"x":95.33102137501886,"vfxPath":"lodestone:bloody_dash"},"timestamp":1782898350253}
{"sessionId":"179cbb","hypothesisId":"H3","location":"VFXHelper.spawnStaticVFX","message":"bloody dash vfx spawn","data":{"z":89.7553878832478,"y":-58.94864057681777,"x":95.55152799976085,"vfxPath":"lodestone:bloody_dash"},"timestamp":1782898350253}
{"sessionId":"179cbb","hypothesisId":"H3","location":"VFXHelper.spawnStaticVFX","message":"bloody dash vfx spawn","data":{"z":90.14203917704573,"y":-58.89350463449955,"x":95.77203462450284,"vfxPath":"lodestone:bloody_dash"},"timestamp":1782898350254}
